Arguments: 
  D:\Program Files\nodejs\node.exe D:\Program Files (x86)\Yarn\bin\yarn.js add dotenv

PATH: 
  D:\Program Files (x86)\NetSarang\Xshell 6\;D:\Program Files (x86)\NetSarang\Xftp 6\;C:\Python27\;C:\Python27\Scripts;C:\Perl64\site\bin;C:\Perl64\bin;C:\WINDOWS\system32;C:\WINDOWS;C:\WINDOWS\System32\Wbem;C:\WINDOWS\System32\WindowsPowerShell\v1.0\;D:\Program Files\010 Editor;D:\Program Files\CMake\bin;D:\Program Files\Git\cmd;D:\Program Files\Microsoft VS Code\bin;D:\Program Files\TortoiseSVN\bin;C:\WINDOWS\System32\OpenSSH\;C:\Program Files\dotnet\;C:\Program Files\Microsoft SQL Server\130\Tools\Binn\;C:\Program Files\Microsoft SQL Server\Client SDK\ODBC\170\Tools\Binn\;D:\Program Files\TortoiseGit\bin;D:\Program Files (x86)\Yarn\bin\;C:\Program Files (x86)\NetSarang\Xshell 7\;C:\ProgramData\ComposerSetup\bin;D:\Development\Server\Xampp\php-7.3.6-Win32-VC15-x64;C:\Program Files (x86)\NetSarang\Xftp 7\;D:\Program Files\nodejs\;D:\Program Files\BinDiff\bin;F:\temp\temp\cocos2d-x-3.15.1\templates;F:\temp\temp\cocos2d-x-3.15.1\tools\cocos2d-console\bin;D:\Development\Android\SDK\platform-tools;C:\Python27;C:\Python27\Scripts;D:\Python37\;D:\Python37\Scripts\;D:\Development\Android\android-ndk-r10e;C:\Python27\phantomjs-2.1.1-windows\bin;D:\tools\cmd;D:\Program Files\Android\Android Studio2021\jre\bin;D:\Program Files\Microsoft VS Code\bin;D:\tools\Tesseract-OCR;C:\Users\xForce\AppData\Local\Programs\Fiddler;D:\Development\Android\SDK\tools;D:\Users\xForce\AppData\Local\Programs\Fiddler;C:\Users\xForce\AppData\Local\Microsoft\WindowsApps;M:\coding\2021\windows\Il2CppDumper\Il2CppDumper\bin\Debug\net472\;D:\Program Files\nodejs;C:\Users\xForce\.dotnet\tools;C:\Users\xForce\AppData\Local\Microsoft\WindowsApps;C:\Users\xForce\AppData\Local\Yarn\bin;C:\Users\xForce\xmake;C:\Users\xForce\AppData\Roaming\Composer\vendor\bin;C:\Users\xForce\AppData\Roaming\npm;C:\Go\bin;c:\users\xforce\.local\bin;c:\users\xforce\appdata\roaming\python\python37\scripts;D:\Program Files\python3.10;D:\Program Files\python3.10\Scripts;D:\Program Files (x86)\ipfs\IPFS Desktop\resources\app.asar.unpacked\src\ipfs-on-path\scripts\bin-win;D:\tools\mingw64\bin;

Yarn version: 
  1.22.5

Node version: 
  16.13.0

Platform: 
  win32 x64

Trace: 
  Error: EPERM: operation not permitted, unlink 'M:\coding\2022\blockchain\solidity\student\w2\node_modules\keccak\prebuilds\win32-x64\node.napi.node'

npm manifest: 
  {
    "devDependencies": {
      "@nomiclabs/hardhat-waffle": "^2.0.2",
      "ethereum-waffle": "^3.4.0",
      "hardhat": "^2.8.4"
    },
    "dependencies": {
      "chai": "^4.3.6"
    }
  }

yarn manifest: 
  No manifest

Lockfile: 
  No lockfile
